<?xml version="1.0" encoding="UTF-8"?>
<!-- Generated by org.testng.reporters.JUnitXMLReporter -->
<testsuite ignored="0" hostname="CHINNI" failures="0" tests="3" name="Default test" time="17.368" errors="0" timestamp="2024-02-18T00:22:59 IST">
  <testcase classname="com.OrangeHRMApplicationPagesTest.LogInPageTest" name="orangeHRMApplicationLogInPage_logInPannelTextValidationTest" time="0.099"/>
  <testcase classname="com.OrangeHRMApplicationPagesTest.LogInPageTest" name="orangeHRMApplicationLogInPage_logoValidationTest" time="0.111"/>
  <testcase classname="com.OrangeHRMApplicationPagesTest.LogInPageTest" name="orangeHRMApplicationLogInPage_LogInValidationTest" time="10.607"/>
</testsuite> <!-- Default test -->
