<?xml version="1.0" encoding="UTF-8"?>
<testng-results ignored="0" total="3" passed="3" failed="0" skipped="0">
  <reporter-output>
  </reporter-output>
  <suite started-at="2024-02-18T00:22:41 IST" name="Default suite" finished-at="2024-02-18T00:22:59 IST" duration-ms="17368">
    <groups>
    </groups>
    <test started-at="2024-02-18T00:22:41 IST" name="Default test" finished-at="2024-02-18T00:22:59 IST" duration-ms="17368">
      <class name="com.OrangeHRMApplicationPagesTest.LogInPageTest">
        <test-method is-config="true" signature="setUp()[pri:0, instance:com.OrangeHRMApplicationPagesTest.LogInPageTest@7e7be63f]" started-at="2024-02-18T00:22:41 IST" name="setUp" finished-at="2024-02-18T00:22:44 IST" duration-ms="2721" status="PASS">
          <reporter-output>
          </reporter-output>
        </test-method> <!-- setUp -->
        <test-method signature="orangeHRMApplicationLogInPage_logInPannelTextValidationTest()[pri:1, instance:com.OrangeHRMApplicationPagesTest.LogInPageTest@7e7be63f]" started-at="2024-02-18T00:22:44 IST" name="orangeHRMApplicationLogInPage_logInPannelTextValidationTest" description="Validating orangehrm application loginPannel Text" finished-at="2024-02-18T00:22:44 IST" duration-ms="99" status="PASS">
          <reporter-output>
          </reporter-output>
        </test-method> <!-- orangeHRMApplicationLogInPage_logInPannelTextValidationTest -->
        <test-method is-config="true" signature="setUp()[pri:0, instance:com.OrangeHRMApplicationPagesTest.LogInPageTest@7e7be63f]" started-at="2024-02-18T00:22:44 IST" name="setUp" finished-at="2024-02-18T00:22:46 IST" duration-ms="1913" status="PASS">
          <reporter-output>
          </reporter-output>
        </test-method> <!-- setUp -->
        <test-method signature="orangeHRMApplicationLogInPage_logoValidationTest()[pri:2, instance:com.OrangeHRMApplicationPagesTest.LogInPageTest@7e7be63f]" started-at="2024-02-18T00:22:46 IST" name="orangeHRMApplicationLogInPage_logoValidationTest" description="Validating orangeHRM Application loginpage Logo " finished-at="2024-02-18T00:22:46 IST" duration-ms="111" status="PASS">
          <reporter-output>
          </reporter-output>
        </test-method> <!-- orangeHRMApplicationLogInPage_logoValidationTest -->
        <test-method is-config="true" signature="setUp()[pri:0, instance:com.OrangeHRMApplicationPagesTest.LogInPageTest@7e7be63f]" started-at="2024-02-18T00:22:46 IST" name="setUp" finished-at="2024-02-18T00:22:48 IST" duration-ms="1868" status="PASS">
          <reporter-output>
          </reporter-output>
        </test-method> <!-- setUp -->
        <test-method signature="orangeHRMApplicationLogInPage_LogInValidationTest()[pri:3, instance:com.OrangeHRMApplicationPagesTest.LogInPageTest@7e7be63f]" started-at="2024-02-18T00:22:48 IST" name="orangeHRMApplicationLogInPage_LogInValidationTest" description="Validating orangeHRM Application login functionality " finished-at="2024-02-18T00:22:59 IST" duration-ms="10607" status="PASS">
          <reporter-output>
          </reporter-output>
        </test-method> <!-- orangeHRMApplicationLogInPage_LogInValidationTest -->
      </class> <!-- com.OrangeHRMApplicationPagesTest.LogInPageTest -->
    </test> <!-- Default test -->
  </suite> <!-- Default suite -->
</testng-results>
