<?xml version="1.0" encoding="UTF-8"?>
<testng-results ignored="0" total="1" passed="1" failed="0" skipped="0">
  <reporter-output>
  </reporter-output>
  <suite started-at="2024-02-16T23:44:55 IST" name="Default suite" finished-at="2024-02-16T23:45:13 IST" duration-ms="18011">
    <groups>
    </groups>
    <test started-at="2024-02-16T23:44:55 IST" name="Default test" finished-at="2024-02-16T23:45:13 IST" duration-ms="18011">
      <class name="com.RadioButtonsTesting.Group1_Group2_RadioButtonsTesting">
        <test-method is-config="true" signature="setUp()[pri:0, instance:com.RadioButtonsTesting.Group1_Group2_RadioButtonsTesting@27462a88]" started-at="2024-02-16T23:44:55 IST" name="setUp" finished-at="2024-02-16T23:45:00 IST" duration-ms="4783" status="PASS">
          <reporter-output>
          </reporter-output>
        </test-method> <!-- setUp -->
        <test-method signature="RadioButtonsTesting()[pri:0, instance:com.RadioButtonsTesting.Group1_Group2_RadioButtonsTesting@27462a88]" started-at="2024-02-16T23:45:00 IST" name="RadioButtonsTesting" finished-at="2024-02-16T23:45:13 IST" duration-ms="13186" status="PASS">
          <reporter-output>
          </reporter-output>
        </test-method> <!-- RadioButtonsTesting -->
      </class> <!-- com.RadioButtonsTesting.Group1_Group2_RadioButtonsTesting -->
    </test> <!-- Default test -->
  </suite> <!-- Default suite -->
</testng-results>
